5/13/2025, 5:36:33 PM CST 0: 

----------------------------------------------
5/13/2025, 5:36:33 PM CST 1: Discord starting: {"releaseChannel":"stable","version":"0.0.94"}, modulepath: /home/dust/.config/discord/0.0.94/modules
5/13/2025, 5:36:33 PM CST 2: ✅ webContents.created web1 ""
5/13/2025, 5:36:33 PM CST 3: ✅ window.created win1 "discord"
5/13/2025, 5:36:33 PM CST 4: ✅ webContents.did-finish-load web1
5/13/2025, 5:37:08 PM CST 5: ✅ webContents.created web2 ""
5/13/2025, 5:37:08 PM CST 6: ✅ window.created win2 "Discord"
5/13/2025, 5:37:14 PM CST 7: ✅ webContents.did-finish-load web2
5/13/2025, 5:37:14 PM CST 8: window.close win1
5/13/2025, 5:37:15 PM CST 9: webContents.destroyed web1
5/13/2025, 5:37:15 PM CST 10: window.closed win1
5/13/2025, 6:57:31 PM CST 11: window.close win2
5/13/2025, 9:53:15 PM CST 12: before-quit
5/13/2025, 9:53:15 PM CST 13: window.close win2
5/13/2025, 9:53:15 PM CST 14: ❌ child-process-gone {
  type: 'Utility',
  reason: 'killed',
  exitCode: 15,
  serviceName: 'audio.mojom.AudioService',
  name: 'Audio Service'
}
5/13/2025, 9:53:15 PM CST 15: ❌ child-process-gone {
  type: 'Utility',
  reason: 'killed',
  exitCode: 15,
  serviceName: 'network.mojom.NetworkService',
  name: 'Network Service'
}
5/13/2025, 9:53:15 PM CST 16: ❌ render-process-gone { reason: 'killed', exitCode: 15 }
